<?xml version="1.0" encoding="UTF-8"?>
<testng-results skipped="0" failed="1" total="1" passed="0">
  <reporter-output>
  </reporter-output>
  <suite name="Default suite" duration-ms="136" started-at="2020-12-23T13:54:49Z" finished-at="2020-12-23T13:54:49Z">
    <groups>
    </groups>
    <test name="Default test" duration-ms="136" started-at="2020-12-23T13:54:49Z" finished-at="2020-12-23T13:54:49Z">
      <class name="com.org.proj.application.Script.Driver">
        <test-method status="PASS" signature="setup()[pri:0, instance:com.org.proj.application.Script.Driver@1753acfe]" name="setup" is-config="true" duration-ms="70" started-at="2020-12-23T19:24:49Z" finished-at="2020-12-23T19:24:49Z">
          <reporter-output>
          </reporter-output>
        </test-method> <!-- setup -->
        <test-method status="FAIL" signature="runtestsInSuite()[pri:0, instance:com.org.proj.application.Script.Driver@1753acfe]" name="runtestsInSuite" duration-ms="16" started-at="2020-12-23T19:24:49Z" finished-at="2020-12-23T19:24:49Z">
          <exception class="java.lang.NullPointerException">
            <full-stacktrace>
              <![CDATA[java.lang.NullPointerException
	at com.org.proj.application.Script.Driver.Execute(Driver.java:602)
	at com.org.proj.application.Script.Driver.runtestsInSuite(Driver.java:274)
	at sun.reflect.NativeMethodAccessorImpl.invoke0(Native Method)
	at sun.reflect.NativeMethodAccessorImpl.invoke(Unknown Source)
	at sun.reflect.DelegatingMethodAccessorImpl.invoke(Unknown Source)
	at java.lang.reflect.Method.invoke(Unknown Source)
	at org.testng.internal.MethodInvocationHelper.invokeMethod(MethodInvocationHelper.java:86)
	at org.testng.internal.Invoker.invokeMethod(Invoker.java:645)
	at org.testng.internal.Invoker.invokeTestMethod(Invoker.java:822)
	at org.testng.internal.Invoker.invokeTestMethods(Invoker.java:1130)
	at org.testng.internal.TestMethodWorker.invokeTestMethods(TestMethodWorker.java:129)
	at org.testng.internal.TestMethodWorker.run(TestMethodWorker.java:112)
	at org.testng.TestRunner.privateRun(TestRunner.java:782)
	at org.testng.TestRunner.run(TestRunner.java:632)
	at org.testng.SuiteRunner.runTest(SuiteRunner.java:366)
	at org.testng.SuiteRunner.runSequentially(SuiteRunner.java:361)
	at org.testng.SuiteRunner.privateRun(SuiteRunner.java:319)
	at org.testng.SuiteRunner.run(SuiteRunner.java:268)
	at org.testng.SuiteRunnerWorker.runSuite(SuiteRunnerWorker.java:52)
	at org.testng.SuiteRunnerWorker.run(SuiteRunnerWorker.java:86)
	at org.testng.TestNG.runSuitesSequentially(TestNG.java:1244)
	at org.testng.TestNG.runSuitesLocally(TestNG.java:1169)
	at org.testng.TestNG.run(TestNG.java:1064)
	at org.testng.remote.RemoteTestNG.run(RemoteTestNG.java:113)
	at org.testng.remote.RemoteTestNG.initAndRun(RemoteTestNG.java:206)
	at org.testng.remote.RemoteTestNG.main(RemoteTestNG.java:177)
]]>
            </full-stacktrace>
          </exception> <!-- java.lang.NullPointerException -->
          <reporter-output>
          </reporter-output>
        </test-method> <!-- runtestsInSuite -->
        <test-method status="PASS" signature="teardown()[pri:0, instance:com.org.proj.application.Script.Driver@1753acfe]" name="teardown" is-config="true" duration-ms="0" started-at="2020-12-23T19:24:49Z" finished-at="2020-12-23T19:24:49Z">
          <reporter-output>
          </reporter-output>
        </test-method> <!-- teardown -->
      </class> <!-- com.org.proj.application.Script.Driver -->
    </test> <!-- Default test -->
  </suite> <!-- Default suite -->
</testng-results>
